d:\project\fireengine2\src\firewrapper\x64\debug\vc142.pdb
d:\project\fireengine2\src\firewrapper\x64\debug\gl3w.obj
d:\project\fireengine2\src\firewrapper\x64\debug\wrapper.obj
d:\project\fireengine2\src\firewrapper\x64\debug\main_shared.obj
d:\project\fireengine2\src\firewrapper\x64\debug\imgui_utils.obj
d:\project\fireengine2\src\firewrapper\x64\debug\imgui_impl_bgfx.obj
d:\project\fireengine2\src\firewrapper\x64\debug\app_utils.obj
d:\project\fireengine2\src\firewrapper\x64\debug\app.obj
d:\project\fireengine2\src\firewrapper\x64\debug\imgui_widgets.obj
d:\project\fireengine2\src\firewrapper\x64\debug\imgui_draw.obj
d:\project\fireengine2\src\firewrapper\x64\debug\imgui_demo.obj
d:\project\fireengine2\src\firewrapper\x64\debug\imgui.obj
d:\project\fireengine2\bin\debug\firewrapper.lib
d:\project\fireengine2\bin\debug\firewrapper.exp
d:\project\fireengine2\bin\debug\firewrapper.ilk
d:\project\fireengine2\bin\debug\firewrapper.dll
d:\project\fireengine2\bin\debug\firewrapper.pdb
d:\project\fireengine2\src\firewrapper\x64\debug\firewrapper.tlog\cl.command.1.tlog
d:\project\fireengine2\src\firewrapper\x64\debug\firewrapper.tlog\cl.read.1.tlog
d:\project\fireengine2\src\firewrapper\x64\debug\firewrapper.tlog\cl.write.1.tlog
d:\project\fireengine2\src\firewrapper\x64\debug\firewrapper.tlog\firewrapper.write.1u.tlog
d:\project\fireengine2\src\firewrapper\x64\debug\firewrapper.tlog\link.command.1.tlog
d:\project\fireengine2\src\firewrapper\x64\debug\firewrapper.tlog\link.read.1.tlog
d:\project\fireengine2\src\firewrapper\x64\debug\firewrapper.tlog\link.write.1.tlog
